{"C:\\Users\\gabri\\Desktop\\saboariaBackEnd\\src\\bussines\\Produtct\\ProductBussines.ts": {"path":"C:\\Users\\gabri\\Desktop\\saboariaBackEnd\\src\\bussines\\Produtct\\ProductBussines.ts","statementMap":{"0":{"start":{"line":12,"column":4},"end":{"line":14,"column":5}},"1":{"start":{"line":13,"column":6},"end":{"line":13,"column":48}},"2":{"start":{"line":16,"column":36},"end":{"line":16,"column":56}},"3":{"start":{"line":18,"column":21},"end":{"line":18,"column":61}},"4":{"start":{"line":20,"column":4},"end":{"line":20,"column":20}}},"fnMap":{"0":{"name":"(anonymous_0)","decl":{"start":{"line":10,"column":2},"end":{"line":10,"column":3}},"loc":{"start":{"line":10,"column":46},"end":{"line":21,"column":3}},"line":10}},"branchMap":{"0":{"loc":{"start":{"line":12,"column":4},"end":{"line":14,"column":5}},"type":"if","locations":[{"start":{"line":12,"column":4},"end":{"line":14,"column":5}},{"start":{},"end":{}}],"line":12}},"s":{"0":1,"1":0,"2":1,"3":1,"4":1},"f":{"0":1},"b":{"0":[0,1]},"_coverageSchema":"1a1c01bbd47fc00a2c39e90264f33305004495a9","hash":"e50005db394642a9ce11ca2371b5ceed8c9ba8ad"}
,"C:\\Users\\gabri\\Desktop\\saboariaBackEnd\\src\\data\\ProductData.ts": {"path":"C:\\Users\\gabri\\Desktop\\saboariaBackEnd\\src\\data\\ProductData.ts","statementMap":{"0":{"start":{"line":3,"column":4},"end":{"line":9,"column":7}},"1":{"start":{"line":4,"column":6},"end":{"line":8,"column":7}},"2":{"start":{"line":5,"column":8},"end":{"line":5,"column":27}},"3":{"start":{"line":7,"column":8},"end":{"line":7,"column":50}},"4":{"start":{"line":13,"column":4},"end":{"line":19,"column":7}},"5":{"start":{"line":14,"column":6},"end":{"line":18,"column":7}},"6":{"start":{"line":15,"column":8},"end":{"line":15,"column":27}},"7":{"start":{"line":17,"column":8},"end":{"line":17,"column":50}}},"fnMap":{"0":{"name":"(anonymous_0)","decl":{"start":{"line":2,"column":2},"end":{"line":2,"column":3}},"loc":{"start":{"line":2,"column":49},"end":{"line":10,"column":3}},"line":2},"1":{"name":"(anonymous_1)","decl":{"start":{"line":3,"column":17},"end":{"line":3,"column":18}},"loc":{"start":{"line":3,"column":31},"end":{"line":9,"column":5}},"line":3},"2":{"name":"(anonymous_2)","decl":{"start":{"line":12,"column":2},"end":{"line":12,"column":3}},"loc":{"start":{"line":12,"column":55},"end":{"line":20,"column":3}},"line":12},"3":{"name":"(anonymous_3)","decl":{"start":{"line":13,"column":20},"end":{"line":13,"column":21}},"loc":{"start":{"line":13,"column":34},"end":{"line":19,"column":5}},"line":13}},"branchMap":{"0":{"loc":{"start":{"line":4,"column":6},"end":{"line":8,"column":7}},"type":"if","locations":[{"start":{"line":4,"column":6},"end":{"line":8,"column":7}},{"start":{"line":6,"column":13},"end":{"line":8,"column":7}}],"line":4},"1":{"loc":{"start":{"line":14,"column":6},"end":{"line":18,"column":7}},"type":"if","locations":[{"start":{"line":14,"column":6},"end":{"line":18,"column":7}},{"start":{"line":16,"column":13},"end":{"line":18,"column":7}}],"line":14}},"s":{"0":0,"1":0,"2":0,"3":0,"4":0,"5":0,"6":0,"7":0},"f":{"0":0,"1":0,"2":0,"3":0},"b":{"0":[0,0],"1":[0,0]},"_coverageSchema":"1a1c01bbd47fc00a2c39e90264f33305004495a9","hash":"cdf849fda40b20e53a456b990e48435756318a05"}
,"C:\\Users\\gabri\\Desktop\\saboariaBackEnd\\src\\error\\BaseError.ts": {"path":"C:\\Users\\gabri\\Desktop\\saboariaBackEnd\\src\\error\\BaseError.ts","statementMap":{"0":{"start":{"line":6,"column":4},"end":{"line":6,"column":27}},"1":{"start":{"line":7,"column":4},"end":{"line":7,"column":32}}},"fnMap":{"0":{"name":"(anonymous_0)","decl":{"start":{"line":5,"column":2},"end":{"line":5,"column":3}},"loc":{"start":{"line":5,"column":53},"end":{"line":8,"column":3}},"line":5}},"branchMap":{"0":{"loc":{"start":{"line":5,"column":29},"end":{"line":5,"column":52}},"type":"default-arg","locations":[{"start":{"line":5,"column":49},"end":{"line":5,"column":52}}],"line":5}},"s":{"0":0,"1":0},"f":{"0":0},"b":{"0":[0]},"_coverageSchema":"1a1c01bbd47fc00a2c39e90264f33305004495a9","hash":"719e59ebfe52ac83fad7fcd1274658687e1bbd7a"}
,"C:\\Users\\gabri\\Desktop\\saboariaBackEnd\\src\\modelDB\\Essence.ts": {"path":"C:\\Users\\gabri\\Desktop\\saboariaBackEnd\\src\\modelDB\\Essence.ts","statementMap":{"0":{"start":{"line":3,"column":22},"end":{"line":6,"column":2}},"1":{"start":{"line":8,"column":25},"end":{"line":8,"column":66}}},"fnMap":{},"branchMap":{},"s":{"0":1,"1":1},"f":{},"b":{},"_coverageSchema":"1a1c01bbd47fc00a2c39e90264f33305004495a9","hash":"a04ee25ed1f34504afac3af0e436b4a4bc2647c5"}
}
