{"C:\\Users\\gabri\\Desktop\\saboariaBackEnd\\src\\controllers\\product\\ProductController.ts": {"path":"C:\\Users\\gabri\\Desktop\\saboariaBackEnd\\src\\controllers\\product\\ProductController.ts","statementMap":{"0":{"start":{"line":10,"column":4},"end":{"line":25,"column":5}},"1":{"start":{"line":11,"column":20},"end":{"line":11,"column":43}},"2":{"start":{"line":13,"column":6},"end":{"line":19,"column":9}},"3":{"start":{"line":14,"column":8},"end":{"line":18,"column":9}},"4":{"start":{"line":15,"column":10},"end":{"line":15,"column":57}},"5":{"start":{"line":17,"column":10},"end":{"line":17,"column":57}},"6":{"start":{"line":21,"column":6},"end":{"line":23,"column":7}},"7":{"start":{"line":22,"column":8},"end":{"line":22,"column":77}},"8":{"start":{"line":24,"column":6},"end":{"line":24,"column":62}},"9":{"start":{"line":29,"column":4},"end":{"line":61,"column":5}},"10":{"start":{"line":30,"column":28},"end":{"line":30,"column":51}},"11":{"start":{"line":31,"column":26},"end":{"line":31,"column":48}},"12":{"start":{"line":33,"column":63},"end":{"line":39,"column":7}},"13":{"start":{"line":41,"column":6},"end":{"line":47,"column":9}},"14":{"start":{"line":42,"column":8},"end":{"line":46,"column":10}},"15":{"start":{"line":49,"column":6},"end":{"line":53,"column":9}},"16":{"start":{"line":50,"column":8},"end":{"line":52,"column":33}},"17":{"start":{"line":55,"column":6},"end":{"line":55,"column":51}},"18":{"start":{"line":57,"column":6},"end":{"line":59,"column":7}},"19":{"start":{"line":58,"column":8},"end":{"line":58,"column":77}},"20":{"start":{"line":60,"column":6},"end":{"line":60,"column":62}},"21":{"start":{"line":64,"column":4},"end":{"line":81,"column":5}},"22":{"start":{"line":65,"column":23},"end":{"line":65,"column":32}},"23":{"start":{"line":66,"column":18},"end":{"line":66,"column":19}},"24":{"start":{"line":68,"column":6},"end":{"line":70,"column":7}},"25":{"start":{"line":69,"column":8},"end":{"line":69,"column":18}},"26":{"start":{"line":71,"column":17},"end":{"line":71,"column":43}},"27":{"start":{"line":73,"column":26},"end":{"line":73,"column":72}},"28":{"start":{"line":75,"column":6},"end":{"line":75,"column":28}},"29":{"start":{"line":77,"column":6},"end":{"line":79,"column":7}},"30":{"start":{"line":78,"column":8},"end":{"line":78,"column":77}},"31":{"start":{"line":80,"column":6},"end":{"line":80,"column":62}},"32":{"start":{"line":85,"column":4},"end":{"line":93,"column":5}},"33":{"start":{"line":86,"column":28},"end":{"line":86,"column":51}},"34":{"start":{"line":87,"column":6},"end":{"line":87,"column":30}},"35":{"start":{"line":89,"column":6},"end":{"line":91,"column":7}},"36":{"start":{"line":90,"column":8},"end":{"line":90,"column":77}},"37":{"start":{"line":92,"column":6},"end":{"line":92,"column":62}},"38":{"start":{"line":96,"column":4},"end":{"line":104,"column":5}},"39":{"start":{"line":97,"column":26},"end":{"line":97,"column":48}},"40":{"start":{"line":98,"column":6},"end":{"line":98,"column":28}},"41":{"start":{"line":100,"column":6},"end":{"line":102,"column":7}},"42":{"start":{"line":101,"column":8},"end":{"line":101,"column":77}},"43":{"start":{"line":103,"column":6},"end":{"line":103,"column":62}},"44":{"start":{"line":108,"column":4},"end":{"line":124,"column":5}},"45":{"start":{"line":109,"column":17},"end":{"line":109,"column":30}},"46":{"start":{"line":110,"column":24},"end":{"line":110,"column":60}},"47":{"start":{"line":112,"column":6},"end":{"line":114,"column":7}},"48":{"start":{"line":113,"column":8},"end":{"line":113,"column":57}},"49":{"start":{"line":116,"column":30},"end":{"line":116,"column":89}},"50":{"start":{"line":118,"column":6},"end":{"line":118,"column":56}},"51":{"start":{"line":120,"column":6},"end":{"line":122,"column":7}},"52":{"start":{"line":121,"column":8},"end":{"line":121,"column":77}},"53":{"start":{"line":123,"column":6},"end":{"line":123,"column":62}}},"fnMap":{"0":{"name":"(anonymous_0)","decl":{"start":{"line":9,"column":2},"end":{"line":9,"column":3}},"loc":{"start":{"line":9,"column":58},"end":{"line":26,"column":3}},"line":9},"1":{"name":"(anonymous_1)","decl":{"start":{"line":13,"column":19},"end":{"line":13,"column":20}},"loc":{"start":{"line":13,"column":33},"end":{"line":19,"column":7}},"line":13},"2":{"name":"(anonymous_2)","decl":{"start":{"line":28,"column":2},"end":{"line":28,"column":3}},"loc":{"start":{"line":28,"column":55},"end":{"line":62,"column":3}},"line":28},"3":{"name":"(anonymous_3)","decl":{"start":{"line":41,"column":24},"end":{"line":41,"column":25}},"loc":{"start":{"line":41,"column":38},"end":{"line":47,"column":7}},"line":41},"4":{"name":"(anonymous_4)","decl":{"start":{"line":49,"column":26},"end":{"line":49,"column":27}},"loc":{"start":{"line":49,"column":54},"end":{"line":53,"column":7}},"line":49},"5":{"name":"(anonymous_5)","decl":{"start":{"line":63,"column":2},"end":{"line":63,"column":3}},"loc":{"start":{"line":63,"column":58},"end":{"line":82,"column":3}},"line":63},"6":{"name":"(anonymous_6)","decl":{"start":{"line":84,"column":2},"end":{"line":84,"column":3}},"loc":{"start":{"line":84,"column":65},"end":{"line":94,"column":3}},"line":84},"7":{"name":"(anonymous_7)","decl":{"start":{"line":95,"column":2},"end":{"line":95,"column":3}},"loc":{"start":{"line":95,"column":63},"end":{"line":105,"column":3}},"line":95},"8":{"name":"(anonymous_8)","decl":{"start":{"line":107,"column":2},"end":{"line":107,"column":3}},"loc":{"start":{"line":107,"column":59},"end":{"line":125,"column":3}},"line":107}},"branchMap":{"0":{"loc":{"start":{"line":14,"column":8},"end":{"line":18,"column":9}},"type":"if","locations":[{"start":{"line":14,"column":8},"end":{"line":18,"column":9}},{"start":{"line":16,"column":15},"end":{"line":18,"column":9}}],"line":14},"1":{"loc":{"start":{"line":21,"column":6},"end":{"line":23,"column":7}},"type":"if","locations":[{"start":{"line":21,"column":6},"end":{"line":23,"column":7}},{"start":{},"end":{}}],"line":21},"2":{"loc":{"start":{"line":51,"column":10},"end":{"line":51,"column":48}},"type":"binary-expr","locations":[{"start":{"line":51,"column":10},"end":{"line":51,"column":30}},{"start":{"line":51,"column":34},"end":{"line":51,"column":48}}],"line":51},"3":{"loc":{"start":{"line":57,"column":6},"end":{"line":59,"column":7}},"type":"if","locations":[{"start":{"line":57,"column":6},"end":{"line":59,"column":7}},{"start":{},"end":{}}],"line":57},"4":{"loc":{"start":{"line":68,"column":6},"end":{"line":70,"column":7}},"type":"if","locations":[{"start":{"line":68,"column":6},"end":{"line":70,"column":7}},{"start":{},"end":{}}],"line":68},"5":{"loc":{"start":{"line":77,"column":6},"end":{"line":79,"column":7}},"type":"if","locations":[{"start":{"line":77,"column":6},"end":{"line":79,"column":7}},{"start":{},"end":{}}],"line":77},"6":{"loc":{"start":{"line":89,"column":6},"end":{"line":91,"column":7}},"type":"if","locations":[{"start":{"line":89,"column":6},"end":{"line":91,"column":7}},{"start":{},"end":{}}],"line":89},"7":{"loc":{"start":{"line":100,"column":6},"end":{"line":102,"column":7}},"type":"if","locations":[{"start":{"line":100,"column":6},"end":{"line":102,"column":7}},{"start":{},"end":{}}],"line":100},"8":{"loc":{"start":{"line":112,"column":6},"end":{"line":114,"column":7}},"type":"if","locations":[{"start":{"line":112,"column":6},"end":{"line":114,"column":7}},{"start":{},"end":{}}],"line":112},"9":{"loc":{"start":{"line":120,"column":6},"end":{"line":122,"column":7}},"type":"if","locations":[{"start":{"line":120,"column":6},"end":{"line":122,"column":7}},{"start":{},"end":{}}],"line":120}},"s":{"0":1,"1":1,"2":0,"3":0,"4":0,"5":0,"6":1,"7":0,"8":1,"9":0,"10":0,"11":0,"12":0,"13":0,"14":0,"15":0,"16":0,"17":0,"18":0,"19":0,"20":0,"21":0,"22":0,"23":0,"24":0,"25":0,"26":0,"27":0,"28":0,"29":0,"30":0,"31":0,"32":0,"33":0,"34":0,"35":0,"36":0,"37":0,"38":0,"39":0,"40":0,"41":0,"42":0,"43":0,"44":0,"45":0,"46":0,"47":0,"48":0,"49":0,"50":0,"51":0,"52":0,"53":0},"f":{"0":1,"1":0,"2":0,"3":0,"4":0,"5":0,"6":0,"7":0,"8":0},"b":{"0":[0,0],"1":[0,1],"2":[0,0],"3":[0,0],"4":[0,0],"5":[0,0],"6":[0,0],"7":[0,0],"8":[0,0],"9":[0,0]},"_coverageSchema":"1a1c01bbd47fc00a2c39e90264f33305004495a9","hash":"a401ad246454fc3752f1716ba18ab57046409e04"}
,"C:\\Users\\gabri\\Desktop\\saboariaBackEnd\\src\\error\\BaseError.ts": {"path":"C:\\Users\\gabri\\Desktop\\saboariaBackEnd\\src\\error\\BaseError.ts","statementMap":{"0":{"start":{"line":6,"column":4},"end":{"line":6,"column":27}},"1":{"start":{"line":7,"column":4},"end":{"line":7,"column":32}}},"fnMap":{"0":{"name":"(anonymous_0)","decl":{"start":{"line":5,"column":2},"end":{"line":5,"column":3}},"loc":{"start":{"line":5,"column":53},"end":{"line":8,"column":3}},"line":5}},"branchMap":{"0":{"loc":{"start":{"line":5,"column":29},"end":{"line":5,"column":52}},"type":"default-arg","locations":[{"start":{"line":5,"column":49},"end":{"line":5,"column":52}}],"line":5}},"s":{"0":0,"1":0},"f":{"0":0},"b":{"0":[0]},"_coverageSchema":"1a1c01bbd47fc00a2c39e90264f33305004495a9","hash":"719e59ebfe52ac83fad7fcd1274658687e1bbd7a"}
,"C:\\Users\\gabri\\Desktop\\saboariaBackEnd\\src\\modelDB\\Category.ts": {"path":"C:\\Users\\gabri\\Desktop\\saboariaBackEnd\\src\\modelDB\\Category.ts","statementMap":{"0":{"start":{"line":3,"column":23},"end":{"line":6,"column":2}},"1":{"start":{"line":8,"column":26},"end":{"line":8,"column":68}}},"fnMap":{},"branchMap":{},"s":{"0":1,"1":1},"f":{},"b":{},"_coverageSchema":"1a1c01bbd47fc00a2c39e90264f33305004495a9","hash":"e53c230f10dd3b1232a23982c35937fd085daaee"}
,"C:\\Users\\gabri\\Desktop\\saboariaBackEnd\\src\\modelDB\\Essence.ts": {"path":"C:\\Users\\gabri\\Desktop\\saboariaBackEnd\\src\\modelDB\\Essence.ts","statementMap":{"0":{"start":{"line":3,"column":22},"end":{"line":6,"column":2}},"1":{"start":{"line":8,"column":25},"end":{"line":8,"column":66}}},"fnMap":{},"branchMap":{},"s":{"0":1,"1":1},"f":{},"b":{},"_coverageSchema":"1a1c01bbd47fc00a2c39e90264f33305004495a9","hash":"a04ee25ed1f34504afac3af0e436b4a4bc2647c5"}
,"C:\\Users\\gabri\\Desktop\\saboariaBackEnd\\src\\modelDB\\Products.ts": {"path":"C:\\Users\\gabri\\Desktop\\saboariaBackEnd\\src\\modelDB\\Products.ts","statementMap":{"0":{"start":{"line":3,"column":22},"end":{"line":13,"column":2}},"1":{"start":{"line":15,"column":25},"end":{"line":15,"column":66}}},"fnMap":{},"branchMap":{},"s":{"0":1,"1":1},"f":{},"b":{},"_coverageSchema":"1a1c01bbd47fc00a2c39e90264f33305004495a9","hash":"8dd88fa88efe7e782184cfa86131fc67d7b072b5"}
}
